#
# There is insufficient memory for the Java Runtime Environment to continue.
# Native memory allocation (malloc) failed to allocate 32744 bytes for ChunkPool::allocate
# Possible reasons:
#   The system is out of physical RAM or swap space
#   In 32 bit mode, the process size limit was hit
# Possible solutions:
#   Reduce memory load on the system
#   Increase physical memory or swap space
#   Check if swap backing store is full
#   Use 64 bit Java on a 64 bit OS
#   Decrease Java heap size (-Xmx/-Xms)
#   Decrease number of Java threads
#   Decrease Java thread stack sizes (-Xss)
#   Set larger code cache with -XX:ReservedCodeCacheSize=
# This output file may be truncated or incomplete.
#
#  Out of Memory Error (allocation.cpp:273), pid=35456, tid=0x000000000000a504
#
# JRE version: Java(TM) SE Runtime Environment (8.0_144-b01) (build 1.8.0_144-b01)
# Java VM: Java HotSpot(TM) 64-Bit Server VM (25.144-b01 mixed mode windows-amd64 compressed oops)
# Failed to write core dump. Minidumps are not enabled by default on client versions of Windows
#

---------------  T H R E A D  ---------------

Current thread (0x000000001ec8e000):  JavaThread "C2 CompilerThread1" daemon [_thread_in_native, id=42244, stack(0x000000001fd60000,0x000000001fe60000)]

Stack: [0x000000001fd60000,0x000000001fe60000]
[error occurred during error reporting (printing stack bounds), id 0xc0000005]

Native frames: (J=compiled Java code, j=interpreted, Vv=VM code, C=native code)


Current CompileTask:
C2: 103356 7536   !   4       org.springframework.aop.aspectj.AspectJExpressionPointcut::getTargetShadowMatch (66 bytes)


---------------  P R O C E S S  ---------------

Java Threads: ( => current thread )
  0x000000002638d000 JavaThread "DiscoveryClient-InstanceInfoReplicator-0" daemon [_thread_blocked, id=40172, stack(0x000000002e110000,0x000000002e210000)]
  0x0000000026390000 JavaThread "DiscoveryClient-1" daemon [_thread_blocked, id=21460, stack(0x000000002e010000,0x000000002e110000)]
  0x000000002638f800 JavaThread "DiscoveryClient-0" daemon [_thread_blocked, id=14448, stack(0x000000002df10000,0x000000002e010000)]
  0x000000002638e000 JavaThread "AsyncResolver-bootstrap-0" daemon [_thread_blocked, id=5648, stack(0x000000002d800000,0x000000002d900000)]
  0x0000000026391000 JavaThread "Apache-HttpClient-Conn-Cleaner2" daemon [_thread_blocked, id=35240, stack(0x000000002d120000,0x000000002d220000)]
  0x0000000026389800 JavaThread "Thread-6" daemon [_thread_in_native, id=23676, stack(0x000000002d220000,0x000000002d320000)]
  0x0000000024e67800 JavaThread "server-timer" daemon [_thread_blocked, id=38728, stack(0x0000000004c50000,0x0000000004d50000)]
  0x0000000024e66800 JavaThread "hmily-disruptor_consumer_HmilyRepositoryDataHandler-4" [_thread_blocked, id=42620, stack(0x000000002d020000,0x000000002d120000)]
  0x0000000024e66000 JavaThread "hmily-hmily-transaction-clean-3" daemon [_thread_blocked, id=29760, stack(0x000000002cf20000,0x000000002d020000)]
  0x0000000024e6a800 JavaThread "hmily-hmily-tac-self-recovery-2" daemon [_thread_blocked, id=30516, stack(0x000000002ce20000,0x000000002cf20000)]
  0x0000000024e69000 JavaThread "hmily-hmily-tcc-self-recovery-1" daemon [_thread_blocked, id=34596, stack(0x000000002cd20000,0x000000002ce20000)]
  0x0000000024e65000 JavaThread "Connection evictor" daemon [_thread_blocked, id=32556, stack(0x000000002b690000,0x000000002b790000)]
  0x0000000024e6c000 JavaThread "container-0" [_thread_blocked, id=23392, stack(0x000000002af90000,0x000000002b090000)]
  0x00000000219ce000 JavaThread "Catalina-utility-2" [_thread_blocked, id=2452, stack(0x000000002ae90000,0x000000002af90000)]
  0x000000002993f800 JavaThread "Catalina-utility-1" [_thread_blocked, id=39616, stack(0x000000002ab20000,0x000000002ac20000)]
  0x0000000025165000 JavaThread "spring.cloud.inetutils" daemon [_thread_blocked, id=11404, stack(0x0000000004d50000,0x0000000004e50000)]
  0x0000000023392000 JavaThread "Druid-ConnectionPool-Destroy-1605347181" daemon [_thread_blocked, id=16572, stack(0x000000002aa20000,0x000000002ab20000)]
  0x00000000218b7000 JavaThread "Druid-ConnectionPool-Create-1605347181" daemon [_thread_blocked, id=20724, stack(0x0000000023fb0000,0x00000000240b0000)]
  0x0000000022315000 JavaThread "Abandoned connection cleanup thread" daemon [_thread_blocked, id=37580, stack(0x000000002a920000,0x000000002aa20000)]
  0x000000001ee12000 JavaThread "Service Thread" daemon [_thread_blocked, id=39188, stack(0x000000001ff60000,0x0000000020060000)]
  0x000000001eef8800 JavaThread "C1 CompilerThread2" daemon [_thread_in_native, id=25476, stack(0x000000001fe60000,0x000000001ff60000)]
=>0x000000001ec8e000 JavaThread "C2 CompilerThread1" daemon [_thread_in_native, id=42244, stack(0x000000001fd60000,0x000000001fe60000)]
  0x000000001eeed000 JavaThread "C2 CompilerThread0" daemon [_thread_in_native, id=13428, stack(0x000000001fc60000,0x000000001fd60000)]
  0x0000000003ae7000 JavaThread "JDWP Command Reader" daemon [_thread_in_native, id=25220, stack(0x000000001e390000,0x000000001e490000)]
  0x0000000003ae3800 JavaThread "JDWP Event Helper Thread" daemon [_thread_blocked, id=1640, stack(0x000000001e290000,0x000000001e390000)]
  0x0000000003ad6800 JavaThread "JDWP Transport Listener: dt_socket" daemon [_thread_blocked, id=42260, stack(0x000000001e190000,0x000000001e290000)]
  0x0000000003ac9000 JavaThread "Attach Listener" daemon [_thread_blocked, id=33228, stack(0x000000001e090000,0x000000001e190000)]
  0x000000001dbd3800 JavaThread "Signal Dispatcher" daemon [_thread_blocked, id=36724, stack(0x000000001df90000,0x000000001e090000)]
  0x0000000003a94800 JavaThread "Finalizer" daemon [_thread_blocked, id=29768, stack(0x000000001da90000,0x000000001db90000)]
  0x000000000127e800 JavaThread "Reference Handler" daemon [_thread_blocked, id=34364, stack(0x000000001d990000,0x000000001da90000)]
  0x000000000118c800 JavaThread "main" [_thread_in_vm, id=13424, stack(0x0000000001080000,0x0000000001180000)]

Other Threads:
  0x0000000003a68000 VMThread [stack: 0x000000001d890000,0x000000001d990000] [id=38336]
  0x000000001eee4000 WatcherThread [stack: 0x0000000020060000,0x0000000020160000] [id=27524]

VM state:not at safepoint (normal execution)

VM Mutex/Monitor currently owned by a thread: None

Heap:
 PSYoungGen      total 641536K, used 561203K [0x000000076c900000, 0x0000000795900000, 0x00000007c0000000)
  eden space 623616K, 89% used [0x000000076c900000,0x000000078ed0cf98,0x0000000792a00000)
  from space 17920K, 0% used [0x0000000794780000,0x0000000794780000,0x0000000795900000)
  to   space 22016K, 0% used [0x0000000792e00000,0x0000000792e00000,0x0000000794380000)
 ParOldGen       total 141312K, used 33007K [0x00000006c5a00000, 0x00000006ce400000, 0x000000076c900000)
  object space 141312K, 23% used [0x00000006c5a00000,0x00000006c7a3bcf0,0x00000006ce400000)
 Metaspace       used 69464K, capacity 72396K, committed 72704K, reserved 1112064K
  class space    used 9120K, capacity 9633K, committed 9728K, reserved 1048576K

Card table byte_map: [0x00000000017b0000,0x0000000001f90000] byte_map_base: 0xfffffffffe183000

Marking Bits: (ParMarkBitMap*) 0x0000000065e2d850
 Begin Bits: [0x0000000015b60000, 0x00000000199f8000)
 End Bits:   [0x00000000199f8000, 0x000000001d890000)

Polling page: 0x0000000001280000

CodeCache: size=245760Kb used=27034Kb max_used=27570Kb free=218725Kb
 bounds [0x0000000006b60000, 0x00000000086a0000, 0x0000000015b60000]
 total_blobs=6737 nmethods=6145 adapters=509
 compilation: enabled

Compilation events (10 events):
Event: 102.281 Thread 0x000000001eef8800 nmethod 7557 0x00000000078ebcd0 code [0x00000000078ebe20, 0x00000000078ebf30]
Event: 102.286 Thread 0x000000001eef8800 7558 %     3       java.util.TreeMap::forEach @ 15 (58 bytes)
Event: 102.286 Thread 0x000000001eef8800 nmethod 7558% 0x0000000007c2d690 code [0x0000000007c2d880, 0x0000000007c2e078]
Event: 102.287 Thread 0x000000001eef8800 7559       3       java.util.TreeMap::forEach (58 bytes)
Event: 102.288 Thread 0x000000001eef8800 nmethod 7559 0x00000000071f00d0 code [0x00000000071f02c0, 0x00000000071f0a18]
Event: 102.293 Thread 0x000000001eef8800 7560       3       org.springframework.boot.autoconfigure.condition.ConditionEvaluationReport$$Lambda$236/2096194236::accept (16 bytes)
Event: 102.293 Thread 0x000000001eef8800 nmethod 7560 0x00000000077a9990 code [0x00000000077a9b20, 0x00000000077a9f98]
Event: 102.293 Thread 0x000000001eef8800 7561       3       org.springframework.boot.autoconfigure.condition.ConditionEvaluationReport$ConditionAndOutcomes::iterator (13 bytes)
Event: 102.294 Thread 0x000000001eef8800 nmethod 7561 0x000000000843ecd0 code [0x000000000843eea0, 0x000000000843f5f8]
Event: 102.313 Thread 0x000000001eef8800 7563   !   3       java.text.SimpleDateFormat::zeroPaddingNumber (270 bytes)

GC Heap History (10 events):
Event: 37.033 GC heap before
{Heap before GC invocations=9 (full 1):
 PSYoungGen      total 265216K, used 166323K [0x000000076c900000, 0x0000000788a00000, 0x00000007c0000000)
  eden space 257024K, 61% used [0x000000076c900000,0x0000000776374628,0x000000077c400000)
  from space 8192K, 99% used [0x000000077c400000,0x000000077cbf86f8,0x000000077cc00000)
  to   space 11776K, 0% used [0x0000000787e80000,0x0000000787e80000,0x0000000788a00000)
 ParOldGen       total 79872K, used 11769K [0x00000006c5a00000, 0x00000006ca800000, 0x000000076c900000)
  object space 79872K, 14% used [0x00000006c5a00000,0x00000006c657e560,0x00000006ca800000)
 Metaspace       used 34269K, capacity 35428K, committed 35456K, reserved 1079296K
  class space    used 4459K, capacity 4722K, committed 4736K, reserved 1048576K
Event: 37.057 GC heap after
Heap after GC invocations=9 (full 1):
 PSYoungGen      total 446464K, used 11770K [0x000000076c900000, 0x000000078a780000, 0x00000007c0000000)
  eden space 434688K, 0% used [0x000000076c900000,0x000000076c900000,0x0000000787180000)
  from space 11776K, 99% used [0x0000000787e80000,0x00000007889fe858,0x0000000788a00000)
  to   space 13312K, 0% used [0x0000000787180000,0x0000000787180000,0x0000000787e80000)
 ParOldGen       total 79872K, used 12583K [0x00000006c5a00000, 0x00000006ca800000, 0x000000076c900000)
  object space 79872K, 15% used [0x00000006c5a00000,0x00000006c6649f18,0x00000006ca800000)
 Metaspace       used 34269K, capacity 35428K, committed 35456K, reserved 1079296K
  class space    used 4459K, capacity 4722K, committed 4736K, reserved 1048576K
}
Event: 37.057 GC heap before
{Heap before GC invocations=10 (full 2):
 PSYoungGen      total 446464K, used 11770K [0x000000076c900000, 0x000000078a780000, 0x00000007c0000000)
  eden space 434688K, 0% used [0x000000076c900000,0x000000076c900000,0x0000000787180000)
  from space 11776K, 99% used [0x0000000787e80000,0x00000007889fe858,0x0000000788a00000)
  to   space 13312K, 0% used [0x0000000787180000,0x0000000787180000,0x0000000787e80000)
 ParOldGen       total 79872K, used 12583K [0x00000006c5a00000, 0x00000006ca800000, 0x000000076c900000)
  object space 79872K, 15% used [0x00000006c5a00000,0x00000006c6649f18,0x00000006ca800000)
 Metaspace       used 34269K, capacity 35428K, committed 35456K, reserved 1079296K
  class space    used 4459K, capacity 4722K, committed 4736K, reserved 1048576K
Event: 37.202 GC heap after
Heap after GC invocations=10 (full 2):
 PSYoungGen      total 446464K, used 0K [0x000000076c900000, 0x000000078a780000, 0x00000007c0000000)
  eden space 434688K, 0% used [0x000000076c900000,0x000000076c900000,0x0000000787180000)
  from space 11776K, 0% used [0x0000000787e80000,0x0000000787e80000,0x0000000788a00000)
  to   space 13312K, 0% used [0x0000000787180000,0x0000000787180000,0x0000000787e80000)
 ParOldGen       total 107008K, used 17274K [0x00000006c5a00000, 0x00000006cc280000, 0x000000076c900000)
  object space 107008K, 16% used [0x00000006c5a00000,0x00000006c6adea10,0x00000006cc280000)
 Metaspace       used 34269K, capacity 35428K, committed 35456K, reserved 1079296K
  class space    used 4459K, capacity 4722K, committed 4736K, reserved 1048576K
}
Event: 59.691 GC heap before
{Heap before GC invocations=11 (full 2):
 PSYoungGen      total 446464K, used 434688K [0x000000076c900000, 0x000000078a780000, 0x00000007c0000000)
  eden space 434688K, 100% used [0x000000076c900000,0x0000000787180000,0x0000000787180000)
  from space 11776K, 0% used [0x0000000787e80000,0x0000000787e80000,0x0000000788a00000)
  to   space 13312K, 0% used [0x0000000787180000,0x0000000787180000,0x0000000787e80000)
 ParOldGen       total 107008K, used 17274K [0x00000006c5a00000, 0x00000006cc280000, 0x000000076c900000)
  object space 107008K, 16% used [0x00000006c5a00000,0x00000006c6adea10,0x00000006cc280000)
 Metaspace       used 48992K, capacity 50884K, committed 51072K, reserved 1093632K
  class space    used 6288K, capacity 6658K, committed 6784K, reserved 1048576K
Event: 59.833 GC heap after
Heap after GC invocations=11 (full 2):
 PSYoungGen      total 448000K, used 13310K [0x000000076c900000, 0x0000000795900000, 0x00000007c0000000)
  eden space 434688K, 0% used [0x000000076c900000,0x000000076c900000,0x0000000787180000)
  from space 13312K, 99% used [0x0000000787180000,0x0000000787e7f810,0x0000000787e80000)
  to   space 17920K, 0% used [0x0000000794780000,0x0000000794780000,0x0000000795900000)
 ParOldGen       total 107008K, used 24881K [0x00000006c5a00000, 0x00000006cc280000, 0x000000076c900000)
  object space 107008K, 23% used [0x00000006c5a00000,0x00000006c724c5f0,0x00000006cc280000)
 Metaspace       used 48992K, capacity 50884K, committed 51072K, reserved 1093632K
  class space    used 6288K, capacity 6658K, committed 6784K, reserved 1048576K
}
Event: 81.072 GC heap before
{Heap before GC invocations=12 (full 2):
 PSYoungGen      total 448000K, used 374376K [0x000000076c900000, 0x0000000795900000, 0x00000007c0000000)
  eden space 434688K, 83% used [0x000000076c900000,0x000000078299a940,0x0000000787180000)
  from space 13312K, 99% used [0x0000000787180000,0x0000000787e7f810,0x0000000787e80000)
  to   space 17920K, 0% used [0x0000000794780000,0x0000000794780000,0x0000000795900000)
 ParOldGen       total 107008K, used 24881K [0x00000006c5a00000, 0x00000006cc280000, 0x000000076c900000)
  object space 107008K, 23% used [0x00000006c5a00000,0x00000006c724c5f0,0x00000006cc280000)
 Metaspace       used 56634K, capacity 58916K, committed 59096K, reserved 1101824K
  class space    used 7292K, capacity 7704K, committed 7808K, reserved 1048576K
Event: 81.131 GC heap after
Heap after GC invocations=12 (full 2):
 PSYoungGen      total 641536K, used 17911K [0x000000076c900000, 0x0000000795900000, 0x00000007c0000000)
  eden space 623616K, 0% used [0x000000076c900000,0x000000076c900000,0x0000000792a00000)
  from space 17920K, 99% used [0x0000000794780000,0x00000007958fde58,0x0000000795900000)
  to   space 22016K, 0% used [0x0000000792e00000,0x0000000792e00000,0x0000000794380000)
 ParOldGen       total 107008K, used 29796K [0x00000006c5a00000, 0x00000006cc280000, 0x000000076c900000)
  object space 107008K, 27% used [0x00000006c5a00000,0x00000006c7719030,0x00000006cc280000)
 Metaspace       used 56634K, capacity 58916K, committed 59096K, reserved 1101824K
  class space    used 7292K, capacity 7704K, committed 7808K, reserved 1048576K
}
Event: 81.131 GC heap before
{Heap before GC invocations=13 (full 3):
 PSYoungGen      total 641536K, used 17911K [0x000000076c900000, 0x0000000795900000, 0x00000007c0000000)
  eden space 623616K, 0% used [0x000000076c900000,0x000000076c900000,0x0000000792a00000)
  from space 17920K, 99% used [0x0000000794780000,0x00000007958fde58,0x0000000795900000)
  to   space 22016K, 0% used [0x0000000792e00000,0x0000000792e00000,0x0000000794380000)
 ParOldGen       total 107008K, used 29796K [0x00000006c5a00000, 0x00000006cc280000, 0x000000076c900000)
  object space 107008K, 27% used [0x00000006c5a00000,0x00000006c7719030,0x00000006cc280000)
 Metaspace       used 56634K, capacity 58916K, committed 59096K, reserved 1101824K
  class space    used 7292K, capacity 7704K, committed 7808K, reserved 1048576K
Event: 81.439 GC heap after
Heap after GC invocations=13 (full 3):
 PSYoungGen      total 641536K, used 0K [0x000000076c900000, 0x0000000795900000, 0x00000007c0000000)
  eden space 623616K, 0% used [0x000000076c900000,0x000000076c900000,0x0000000792a00000)
  from space 17920K, 0% used [0x0000000794780000,0x0000000794780000,0x0000000795900000)
  to   space 22016K, 0% used [0x0000000792e00000,0x0000000792e00000,0x0000000794380000)
 ParOldGen       total 141312K, used 33007K [0x00000006c5a00000, 0x00000006ce400000, 0x000000076c900000)
  object space 141312K, 23% used [0x00000006c5a00000,0x00000006c7a3bcf0,0x00000006ce400000)
 Metaspace       used 56634K, capacity 58916K, committed 59096K, reserved 1101824K
  class space    used 7292K, capacity 7704K, committed 7808K, reserved 1048576K
}

Deoptimization events (10 events):
Event: 102.284 Thread 0x000000002638d000 Uncommon trap: reason=unhandled action=none pc=0x000000000745e120 method=java.net.URLClassLoader.findClass(Ljava/lang/String;)Ljava/lang/Class; @ 44
Event: 102.286 Thread 0x000000002638d000 Uncommon trap: reason=unhandled action=none pc=0x000000000745e120 method=java.net.URLClassLoader.findClass(Ljava/lang/String;)Ljava/lang/Class; @ 44
Event: 102.287 Thread 0x000000002638d000 Uncommon trap: reason=unhandled action=none pc=0x000000000745e120 method=java.net.URLClassLoader.findClass(Ljava/lang/String;)Ljava/lang/Class; @ 44
Event: 102.290 Thread 0x000000002638d000 Uncommon trap: reason=unhandled action=none pc=0x000000000745e120 method=java.net.URLClassLoader.findClass(Ljava/lang/String;)Ljava/lang/Class; @ 44
Event: 102.290 Thread 0x000000002638d000 Uncommon trap: reason=unhandled action=none pc=0x000000000745e120 method=java.net.URLClassLoader.findClass(Ljava/lang/String;)Ljava/lang/Class; @ 44
Event: 102.291 Thread 0x000000002638d000 Uncommon trap: reason=unhandled action=none pc=0x000000000745e120 method=java.net.URLClassLoader.findClass(Ljava/lang/String;)Ljava/lang/Class; @ 44
Event: 102.292 Thread 0x000000002638d000 Uncommon trap: reason=unhandled action=none pc=0x000000000745e120 method=java.net.URLClassLoader.findClass(Ljava/lang/String;)Ljava/lang/Class; @ 44
Event: 102.293 Thread 0x000000002638d000 Uncommon trap: reason=unhandled action=none pc=0x000000000745e120 method=java.net.URLClassLoader.findClass(Ljava/lang/String;)Ljava/lang/Class; @ 44
Event: 102.295 Thread 0x000000002638d000 Uncommon trap: reason=unhandled action=none pc=0x000000000745e120 method=java.net.URLClassLoader.findClass(Ljava/lang/String;)Ljava/lang/Class; @ 44
Event: 102.296 Thread 0x000000002638d000 Uncommon trap: reason=unhandled action=none pc=0x000000000745e120 method=java.net.URLClassLoader.findClass(Ljava/lang/String;)Ljava/lang/Class; @ 44

Internal exceptions (10 events):
Event: 98.233 Thread 0x000000000118c800 Exception <a 'java/lang/ArrayIndexOutOfBoundsException': 204> (0x000000078a7f5c20) thrown at [C:\re\workspace\8-2-build-windows-amd64-cygwin\jdk8u144\9417\hotspot\src\share\vm\interpreter\interpreterRuntime.cpp, line 366]
Event: 98.233 Thread 0x000000000118c800 Exception <a 'java/lang/ArrayIndexOutOfBoundsException': 205> (0x000000078a7f89b8) thrown at [C:\re\workspace\8-2-build-windows-amd64-cygwin\jdk8u144\9417\hotspot\src\share\vm\interpreter\interpreterRuntime.cpp, line 366]
Event: 101.597 Thread 0x000000000118c800 Exception <a 'java/lang/ArrayIndexOutOfBoundsException': 59> (0x000000078d4f6c90) thrown at [C:\re\workspace\8-2-build-windows-amd64-cygwin\jdk8u144\9417\hotspot\src\share\vm\interpreter\interpreterRuntime.cpp, line 366]
Event: 101.795 Thread 0x000000000118c800 Exception <a 'java/lang/ArrayIndexOutOfBoundsException': 81> (0x000000078db83718) thrown at [C:\re\workspace\8-2-build-windows-amd64-cygwin\jdk8u144\9417\hotspot\src\share\vm\interpreter\interpreterRuntime.cpp, line 366]
Event: 102.189 Thread 0x000000000118c800 Exception <a 'java/lang/ArrayIndexOutOfBoundsException': 40> (0x000000078dce7dc8) thrown at [C:\re\workspace\8-2-build-windows-amd64-cygwin\jdk8u144\9417\hotspot\src\share\vm\interpreter\interpreterRuntime.cpp, line 366]
Event: 102.217 Thread 0x000000002638d000 Exception <a 'java/net/SocketTimeoutException': Read timed out> (0x000000078e91fcd0) thrown at [C:\re\workspace\8-2-build-windows-amd64-cygwin\jdk8u144\9417\hotspot\src\share\vm\prims\jni.cpp, line 735]
Event: 102.261 Thread 0x000000002638d000 Exception <a 'java/lang/ArrayIndexOutOfBoundsException': 83> (0x000000078eaa2dc8) thrown at [C:\re\workspace\8-2-build-windows-amd64-cygwin\jdk8u144\9417\hotspot\src\share\vm\interpreter\interpreterRuntime.cpp, line 366]
Event: 102.261 Thread 0x000000000118c800 Exception <a 'java/lang/ArrayIndexOutOfBoundsException': 123> (0x000000078dfbac48) thrown at [C:\re\workspace\8-2-build-windows-amd64-cygwin\jdk8u144\9417\hotspot\src\share\vm\interpreter\interpreterRuntime.cpp, line 366]
Event: 102.262 Thread 0x000000002638d000 Exception <a 'java/lang/ArrayIndexOutOfBoundsException': 78> (0x000000078eab1f18) thrown at [C:\re\workspace\8-2-build-windows-amd64-cygwin\jdk8u144\9417\hotspot\src\share\vm\interpreter\interpreterRuntime.cpp, line 366]
Event: 102.279 Thread 0x000000002638d000 Exception <a 'java/lang/ArrayIndexOutOfBoundsException': 83> (0x000000078eac0130) thrown at [C:\re\workspace\8-2-build-windows-amd64-cygwin\jdk8u144\9417\hotspot\src\share\vm\interpreter\interpreterRuntime.cpp, line 366]

Events (10 events):
Event: 102.297 Executing VM operation: RevokeBias
Event: 102.298 Executing VM operation: RevokeBias done
Event: 102.298 Executing VM operation: RevokeBias
Event: 102.298 Executing VM operation: RevokeBias done
Event: 102.298 Executing VM operation: RevokeBias
Event: 102.298 Executing VM operation: RevokeBias done
Event: 102.298 Executing VM operation: BulkRevokeBias
Event: 102.298 Executing VM operation: BulkRevokeBias done
Event: 102.313 Executing VM operation: RevokeBias
Event: 102.557 Executing VM operation: RevokeBias done


Dynamic libraries:
0x00007ff7b08d0000 - 0x00007ff7b0907000 	D:\Program Files\Java\jre8\bin\javaw.exe
0x00007ff98a9a0000 - 0x00007ff98ab90000 	C:\WINDOWS\SYSTEM32\ntdll.dll
0x00007ff98a280000 - 0x00007ff98a332000 	C:\WINDOWS\System32\KERNEL32.DLL
0x00007ff987b80000 - 0x00007ff987e23000 	C:\WINDOWS\System32\KERNELBASE.dll
0x00007ff988ee0000 - 0x00007ff988f83000 	C:\WINDOWS\System32\ADVAPI32.dll
0x00007ff98a8c0000 - 0x00007ff98a95e000 	C:\WINDOWS\System32\msvcrt.dll
0x00007ff98a810000 - 0x00007ff98a8a7000 	C:\WINDOWS\System32\sechost.dll
0x00007ff98a6f0000 - 0x00007ff98a810000 	C:\WINDOWS\System32\RPCRT4.dll
0x00007ff989da0000 - 0x00007ff989f34000 	C:\WINDOWS\System32\USER32.dll
0x00007ff987e50000 - 0x00007ff987e71000 	C:\WINDOWS\System32\win32u.dll
0x00007ff9890f0000 - 0x00007ff989116000 	C:\WINDOWS\System32\GDI32.dll
0x00007ff9879e0000 - 0x00007ff987b74000 	C:\WINDOWS\System32\gdi32full.dll
0x00007ff987fd0000 - 0x00007ff98806e000 	C:\WINDOWS\System32\msvcp_win.dll
0x00007ff9880a0000 - 0x00007ff98819a000 	C:\WINDOWS\System32\ucrtbase.dll
0x00007ff97fec0000 - 0x00007ff980145000 	C:\WINDOWS\WinSxS\amd64_microsoft.windows.common-controls_6595b64144ccf1df_6.0.18362.592_none_e6c0b1911312be02\COMCTL32.dll
0x00007ff989f40000 - 0x00007ff98a276000 	C:\WINDOWS\System32\combase.dll
0x00007ff988980000 - 0x00007ff988a00000 	C:\WINDOWS\System32\bcryptPrimitives.dll
0x00007ff9898e0000 - 0x00007ff98990e000 	C:\WINDOWS\System32\IMM32.DLL
0x00007ff96fdf0000 - 0x00007ff96fe56000 	C:\Program Files\Manufacturer\Endpoint Agent\clpbm64.dll
0x00007ff988f90000 - 0x00007ff9890e6000 	C:\WINDOWS\System32\ole32.dll
0x00007ff98a8b0000 - 0x00007ff98a8b8000 	C:\WINDOWS\System32\PSAPI.DLL
0x00007ff97ccd0000 - 0x00007ff97ccdc000 	C:\WINDOWS\SYSTEM32\Secur32.dll
0x00007ff960cc0000 - 0x00007ff960d66000 	D:\Program Files\Java\jre8\bin\MSVCP120.dll
0x00007ff95d3d0000 - 0x00007ff95d4bf000 	D:\Program Files\Java\jre8\bin\MSVCR120.dll
0x00007ff987760000 - 0x00007ff98778f000 	C:\WINDOWS\SYSTEM32\SSPICLI.DLL
0x0000000068050000 - 0x0000000068122000 	D:\Program Files\Java\jre8\bin\msvcr100.dll
0x0000000065610000 - 0x0000000065ead000 	D:\Program Files\Java\jre8\bin\server\jvm.dll
0x00007ff977d60000 - 0x00007ff977d69000 	C:\WINDOWS\SYSTEM32\WSOCK32.dll
0x00007ff98a420000 - 0x00007ff98a48f000 	C:\WINDOWS\System32\WS2_32.dll
0x00007ff982e90000 - 0x00007ff982eb4000 	C:\WINDOWS\SYSTEM32\WINMM.dll
0x00007ff987540000 - 0x00007ff98754a000 	C:\WINDOWS\SYSTEM32\VERSION.dll
0x00007ff982e40000 - 0x00007ff982e6d000 	C:\WINDOWS\SYSTEM32\WINMMBASE.dll
0x00007ff988a00000 - 0x00007ff988a4a000 	C:\WINDOWS\System32\cfgmgr32.dll
0x0000000068040000 - 0x000000006804f000 	D:\Program Files\Java\jre8\bin\verify.dll
0x0000000068010000 - 0x0000000068039000 	D:\Program Files\Java\jre8\bin\java.dll
0x00007ff968d50000 - 0x00007ff968dba000 	C:\Program Files\Manufacturer\Endpoint Agent\prntm64.dll
0x00007ff989880000 - 0x00007ff9898d2000 	C:\WINDOWS\System32\SHLWAPI.dll
0x00007ff98a620000 - 0x00007ff98a6e4000 	C:\WINDOWS\System32\OLEAUT32.dll
0x00007ff980fc0000 - 0x00007ff981049000 	C:\WINDOWS\SYSTEM32\WINSPOOL.DRV
0x00007ff987910000 - 0x00007ff987921000 	C:\WINDOWS\System32\kernel.appcore.dll
0x00007ff988070000 - 0x00007ff988096000 	C:\WINDOWS\System32\bcrypt.dll
0x00007ff984830000 - 0x00007ff98491f000 	C:\WINDOWS\SYSTEM32\PROPSYS.dll
0x00007ff98a570000 - 0x00007ff98a619000 	C:\WINDOWS\System32\shcore.dll
0x00007ff986ce0000 - 0x00007ff986d1a000 	C:\WINDOWS\SYSTEM32\IPHLPAPI.DLL
0x0000000067dc0000 - 0x0000000067df5000 	D:\Program Files\Java\jre8\bin\jdwp.dll
0x0000000067f00000 - 0x0000000067f08000 	D:\Program Files\Java\jre8\bin\npt.dll
0x0000000067d90000 - 0x0000000067db3000 	D:\Program Files\Java\jre8\bin\instrument.dll
0x0000000067f50000 - 0x0000000067f66000 	D:\Program Files\Java\jre8\bin\zip.dll
0x00007ff989120000 - 0x00007ff989805000 	C:\WINDOWS\System32\SHELL32.dll
0x00007ff988200000 - 0x00007ff98897f000 	C:\WINDOWS\System32\windows.storage.dll
0x00007ff9878d0000 - 0x00007ff9878ef000 	C:\WINDOWS\System32\profapi.dll
0x00007ff987880000 - 0x00007ff9878ca000 	C:\WINDOWS\System32\powrprof.dll
0x00007ff987870000 - 0x00007ff987880000 	C:\WINDOWS\System32\UMPDC.dll
0x00007ff987e30000 - 0x00007ff987e47000 	C:\WINDOWS\System32\cryptsp.dll
0x0000000067ef0000 - 0x0000000067ef9000 	D:\Program Files\Java\jre8\bin\dt_socket.dll
0x00007ff96ab60000 - 0x00007ff96ab76000 	C:\WINDOWS\system32\napinsp.dll
0x00007ff96ab90000 - 0x00007ff96abaa000 	C:\WINDOWS\system32\pnrpnsp.dll
0x00007ff986fc0000 - 0x00007ff987027000 	C:\WINDOWS\System32\mswsock.dll
0x00007ff986d30000 - 0x00007ff986dfa000 	C:\WINDOWS\SYSTEM32\DNSAPI.dll
0x00007ff989910000 - 0x00007ff989918000 	C:\WINDOWS\System32\NSI.dll
0x00007ff96ab80000 - 0x00007ff96ab8e000 	C:\WINDOWS\System32\winrnr.dll
0x00007ff982a00000 - 0x00007ff982a1c000 	C:\WINDOWS\system32\NLAapi.dll
0x00007ff96acb0000 - 0x00007ff96acc5000 	C:\WINDOWS\system32\wshbth.dll
0x00007ff983390000 - 0x00007ff983407000 	C:\WINDOWS\System32\fwpuclnt.dll
0x00007ff97f460000 - 0x00007ff97f46a000 	C:\Windows\System32\rasadhlp.dll
0x0000000067f30000 - 0x0000000067f4a000 	D:\Program Files\Java\jre8\bin\net.dll
0x00007ff983250000 - 0x00007ff983266000 	C:\WINDOWS\SYSTEM32\dhcpcsvc6.DLL
0x00007ff983230000 - 0x00007ff98324c000 	C:\WINDOWS\SYSTEM32\dhcpcsvc.DLL
0x0000000068000000 - 0x000000006800d000 	D:\Program Files\Java\jre8\bin\management.dll
0x0000000067f10000 - 0x0000000067f21000 	D:\Program Files\Java\jre8\bin\nio.dll
0x00007ff986b40000 - 0x00007ff986b73000 	C:\WINDOWS\system32\rsaenh.dll
0x00007ff987790000 - 0x00007ff9877b5000 	C:\WINDOWS\SYSTEM32\USERENV.dll
0x00007ff987140000 - 0x00007ff98714c000 	C:\WINDOWS\SYSTEM32\CRYPTBASE.dll
0x0000000067e30000 - 0x0000000067e54000 	D:\Program Files\Java\jre8\bin\sunec.dll

VM Arguments:
jvm_args: -agentlib:jdwp=transport=dt_socket,suspend=y,address=localhost:16750 -javaagent:D:\Program Files\eclipse_photon_64\eclipse_photon_64bit\configuration\org.eclipse.osgi\418\0\.cp\lib\javaagent-shaded.jar -Dfile.encoding=UTF-8 
java_command: com.gerry.pang.OrderServerApplication
java_class_path (initial): D:\Program Files\Java\jre8\lib\resources.jar;D:\Program Files\Java\jre8\lib\rt.jar;D:\Program Files\Java\jre8\lib\jsse.jar;D:\Program Files\Java\jre8\lib\jce.jar;D:\Program Files\Java\jre8\lib\charsets.jar;D:\Program Files\Java\jre8\lib\jfr.jar;D:\Program Files\Java\jre8\lib\ext\access-bridge-64.jar;D:\Program Files\Java\jre8\lib\ext\cldrdata.jar;D:\Program Files\Java\jre8\lib\ext\dnsns.jar;D:\Program Files\Java\jre8\lib\ext\jaccess.jar;D:\Program Files\Java\jre8\lib\ext\jfxrt.jar;D:\Program Files\Java\jre8\lib\ext\localedata.jar;D:\Program Files\Java\jre8\lib\ext\nashorn.jar;D:\Program Files\Java\jre8\lib\ext\sunec.jar;D:\Program Files\Java\jre8\lib\ext\sunjce_provider.jar;D:\Program Files\Java\jre8\lib\ext\sunmscapi.jar;D:\Program Files\Java\jre8\lib\ext\sunpkcs11.jar;D:\Program Files\Java\jre8\lib\ext\zipfs.jar;E:\channel_test_workspace\spring-cloud-demo-master\order-server\target\classes;E:\Maven Repository\org\springframework\boot\spring-boot-starter-web\2.2.7.RELEASE\spring-boot-starter-web-2.2.7.RELEASE.jar;E:\Maven Repository\org\springframework\boot\spring-boot-starter\2.2.7.RELEASE\spring-boot-starter-2.2.7.RELEASE.jar;E:\Maven Repository\org\springframework\boot\spring-boot\2.2.7.RELEASE\spring-boot-2.2.7.RELEASE.jar;E:\Maven Repository\org\springframework\boot\spring-boot-starter-logging\2.2.7.RELEASE\spring-boot-starter-logging-2.2.7.RELEASE.jar;E:\Maven Repository\ch\qos\logback\logback-classic\1.2.3\logback-classic-1.2.3.jar;E:\Maven Repository\ch\qos\logback\logback-core\1.2.3\logback-core-1.2.3.jar;E:\Maven Repository\org\apache\logging\log4j\log4j-to-slf4j\2.12.1\log4j-to-slf4j-2.12.1.jar;E:\Maven Repository\org\apache\logging\log4j\log4j-api\2.12.1\log4j-api-2.12.1.jar;E:\Maven Repository\org\slf4j\jul-to-slf4j\1.7.30\jul-to-slf4j-1.7.30.jar;E:\Maven Repository\jakarta\annotation\jakarta.annotation-api\1.3.5\jakarta.annotation-api-1.3.5.jar;E:\Maven Repository\org\yaml\snakeyaml\1.25\snakeyaml-1.25.jar;E:\Maven Reposit
Launcher Type: SUN_STANDARD

Environment Variables:
JAVA_HOME=D:\Program Files\Java\jdk1.8.0_144
PATH=D:/Program Files/Java/jre1.8.0_231/bin/server;D:/Program Files/Java/jre1.8.0_231/bin;D:/Program Files/Java/jre1.8.0_231/lib/amd64;C:\Program Files (x86)\Common Files\Oracle\Java\javapath;D:\Program Files\python3.6.3\Scripts\;D:\Program Files\python3.6.3\;C:\ProgramData\Oracle\Java\javapath;C:\Windows\system32;C:\Windows;C:\Windows\System32\Wbem;C:\Windows\System32\WindowsPowerShell\v1.0\;C:\Program Files (x86)\NVIDIA Corporation\PhysX\Common;D:\Program Files\Java\jdk1.8.0_144\bin;D:\Program Files\Java\jre8\bin;D:\Program Files\apache-maven-3.2.5\bin;D:\Program Files\TortoiseSVN\bin;D:\Program Files\nodejs\;D:\Program Files\erl8.3\bin;D:\Program Files (x86)\Calibre2\;D:\Program Files\TortoiseGit\bin;D:\Program Files\Git\cmd;D:\zookeeper-3.4.8\bin;C:\WINDOWS\system32;C:\WINDOWS;C:\WINDOWS\System32\Wbem;C:\WINDOWS\System32\WindowsPowerShell\v1.0\;C:\WINDOWS\System32\OpenSSH\;C:\Program Files\Intel\WiFi\bin\;C:\Program Files\Common Files\Intel\WirelessCommon\;D:\Program Files\gradle-6.0.1\bin;C:\Program Files\Docker\Docker\resources\bin;C:\ProgramData\DockerDesktop\version-bin;C:\ProgramData\chocolatey\bin;C:\Users\pangguowei\AppData\Local\Microsoft\WindowsApps;D:\pangguowei\AppData\Roaming\npm;;D:\Program Files\Fiddler;C:\Users\pangguowei\apps\gsudo;D:\Program Files\eclipse_photon_64\eclipse_photon_64bit;
USERNAME=pangguowei
OS=Windows_NT
PROCESSOR_IDENTIFIER=Intel64 Family 6 Model 142 Stepping 9, GenuineIntel



---------------  S Y S T E M  ---------------

OS: Windows 10.0 , 64 bit Build 18362 (10.0.18362.329)

CPU:total 4 (initial active 4) (2 cores per cpu, 2 threads per core) family 6 model 142 stepping 9, cmov, cx8, fxsr, mmx, sse, sse2, sse3, ssse3, sse4.1, sse4.2, popcnt, avx, avx2, aes, clmul, erms, rtm, 3dnowpref, lzcnt, ht, tsc, tscinvbit, bmi1, bmi2, adx

Memory: 4k page, physical 16401132k(2537520k free), swap 39879088k(355128k free)

vm_info: Java HotSpot(TM) 64-Bit Server VM (25.144-b01) for windows-amd64 JRE (1.8.0_144-b01), built on Jul 21 2017 21:57:33 by "java_re" with MS VC++ 10.0 (VS2010)

time: Thu Dec 17 08:58:01 2020
elapsed time: 103 seconds (0d 0h 1m 43s)

